Change component parameters: Designator = "C1"; Footprint = "电容_C0805"; UniqueID = "\CIFMOQRL"
Change component parameters. Clean all parameters for all variants
Change component parameters (AddParameter): Name = "C"; Value = "4.7UF"; VariantName = "[No Variations]"
Change component parameters (AddParameter): Name = "U"; Value = "50V"; VariantName = "[No Variations]"
Change component parameters (AddParameter): Name = "参数"; Value = "Cap,0805,X7R,104K,50V,125C,±10%"; VariantName = "[No Variations]"
Change component parameters: Designator = "C2"; Footprint = "电容_C0603"; UniqueID = "\JIPKNCFC"
Change component parameters. Clean all parameters for all variants
Change component parameters (AddParameter): Name = "C"; Value = "104"; VariantName = "[No Variations]"
Change component parameters (AddParameter): Name = "U"; Value = "50V"; VariantName = "[No Variations]"
Change component parameters (AddParameter): Name = "参数"; Value = "Cap,0805,X7R,104K,50V,125C,±10%"; VariantName = "[No Variations]"
Change component parameters: Designator = "C3"; Footprint = "电容_C0805"; UniqueID = "\JVOVAXES"
Change component parameters. Clean all parameters for all variants
Change component parameters (AddParameter): Name = "C"; Value = "4.7UF"; VariantName = "[No Variations]"
Change component parameters (AddParameter): Name = "U"; Value = "50V"; VariantName = "[No Variations]"
Change component parameters (AddParameter): Name = "参数"; Value = "Cap,0805,X7R,104K,50V,125C,±10%"; VariantName = "[No Variations]"
Change component parameters: Designator = "C4"; Footprint = "电容_C0603"; UniqueID = "\KAWRQHPC"
Change component parameters. Clean all parameters for all variants
Change component parameters (AddParameter): Name = "C"; Value = "104"; VariantName = "[No Variations]"
Change component parameters (AddParameter): Name = "U"; Value = "50V"; VariantName = "[No Variations]"
Change component parameters (AddParameter): Name = "参数"; Value = "Cap,0805,X7R,104K,50V,125C,±10%"; VariantName = "[No Variations]"
Change component parameters: Designator = "C5"; Footprint = "电容_C0603"; UniqueID = "\LFNBELIG"
Change component parameters. Clean all parameters for all variants
Change component parameters (AddParameter): Name = "C"; Value = "106"; VariantName = "[No Variations]"
Change component parameters (AddParameter): Name = "U"; Value = "50V"; VariantName = "[No Variations]"
Change component parameters (AddParameter): Name = "参数"; Value = "Cap,0805,X7R,104K,50V,125C,±10%"; VariantName = "[No Variations]"
Change component parameters: Designator = "C6"; Footprint = "电容_C1206"; UniqueID = "\HHODIDEF"
Change component parameters. Clean all parameters for all variants
Change component parameters (AddParameter): Name = "C"; Value = "22uF"; VariantName = "[No Variations]"
Change component parameters (AddParameter): Name = "U"; Value = "50V"; VariantName = "[No Variations]"
Change component parameters (AddParameter): Name = "参数"; Value = "Cap,0805,X7R,104K,50V,125C,±10%"; VariantName = "[No Variations]"
Change component parameters: Designator = "C7"; Footprint = "电容_C0603"; UniqueID = "\AMXPTSLJ"
Change component parameters. Clean all parameters for all variants
Change component parameters (AddParameter): Name = "C"; Value = "104"; VariantName = "[No Variations]"
Change component parameters (AddParameter): Name = "U"; Value = "50V"; VariantName = "[No Variations]"
Change component parameters (AddParameter): Name = "参数"; Value = "Cap,0805,X7R,104K,50V,125C,±10%"; VariantName = "[No Variations]"
Change component parameters: Designator = "C8"; Footprint = "电容_C0603"; UniqueID = "\YMTWYIEH"
Change component parameters. Clean all parameters for all variants
Change component parameters (AddParameter): Name = "C"; Value = "104"; VariantName = "[No Variations]"
Change component parameters (AddParameter): Name = "U"; Value = "50V"; VariantName = "[No Variations]"
Change component parameters (AddParameter): Name = "参数"; Value = "Cap,0805,X7R,104K,50V,125C,±10%"; VariantName = "[No Variations]"
Change component parameters: Designator = "C9"; Footprint = "电容_C0603"; UniqueID = "\UBMJJYVO"
Change component parameters. Clean all parameters for all variants
Change component parameters (AddParameter): Name = "C"; Value = "105"; VariantName = "[No Variations]"
Change component parameters (AddParameter): Name = "U"; Value = "50V"; VariantName = "[No Variations]"
Change component parameters (AddParameter): Name = "参数"; Value = "Cap,0805,X7R,104K,50V,125C,±10%"; VariantName = "[No Variations]"
Change component parameters: Designator = "C10"; Footprint = "电容_C0603"; UniqueID = "\WFVWJDIK"
Change component parameters. Clean all parameters for all variants
Change component parameters (AddParameter): Name = "C"; Value = "105"; VariantName = "[No Variations]"
Change component parameters (AddParameter): Name = "U"; Value = "50V"; VariantName = "[No Variations]"
Change component parameters (AddParameter): Name = "参数"; Value = "Cap,0805,X7R,104K,50V,125C,±10%"; VariantName = "[No Variations]"
Change component parameters: Designator = "C11"; Footprint = "电容_C0603"; UniqueID = "\KSDNOYKS"
Change component parameters. Clean all parameters for all variants
Change component parameters (AddParameter): Name = "C"; Value = "105"; VariantName = "[No Variations]"
Change component parameters (AddParameter): Name = "U"; Value = "50V"; VariantName = "[No Variations]"
Change component parameters (AddParameter): Name = "参数"; Value = "Cap,0805,X7R,104K,50V,125C,±10%"; VariantName = "[No Variations]"
Change component parameters: Designator = "C12"; Footprint = "电容_C0603"; UniqueID = "\OKQFFAPV"
Change component parameters. Clean all parameters for all variants
Change component parameters (AddParameter): Name = "C"; Value = "105"; VariantName = "[No Variations]"
Change component parameters (AddParameter): Name = "U"; Value = "50V"; VariantName = "[No Variations]"
Change component parameters (AddParameter): Name = "参数"; Value = "Cap,0805,X7R,104K,50V,125C,±10%"; VariantName = "[No Variations]"
Change component parameters: Designator = "C13"; Footprint = "电容_C0603"; UniqueID = "\KLTKPGDO"
Change component parameters. Clean all parameters for all variants
Change component parameters (AddParameter): Name = "C"; Value = "104"; VariantName = "[No Variations]"
Change component parameters (AddParameter): Name = "U"; Value = "50V"; VariantName = "[No Variations]"
Change component parameters (AddParameter): Name = "参数"; Value = "Cap,0805,X7R,104K,50V,125C,±10%"; VariantName = "[No Variations]"
Change component parameters: Designator = "C14"; Footprint = "电容_C0603"; UniqueID = "\PTNRYFFF"
Change component parameters. Clean all parameters for all variants
Change component parameters (AddParameter): Name = "C"; Value = "22pf"; VariantName = "[No Variations]"
Change component parameters (AddParameter): Name = "U"; Value = "50V"; VariantName = "[No Variations]"
Change component parameters (AddParameter): Name = "参数"; Value = "Cap,0805,X7R,104K,50V,125C,±10%"; VariantName = "[No Variations]"
Change component parameters: Designator = "C15"; Footprint = "电容_C0603"; UniqueID = "\UNRMFKLV"
Change component parameters. Clean all parameters for all variants
Change component parameters (AddParameter): Name = "C"; Value = "22pf"; VariantName = "[No Variations]"
Change component parameters (AddParameter): Name = "U"; Value = "50V"; VariantName = "[No Variations]"
Change component parameters (AddParameter): Name = "参数"; Value = "Cap,0805,X7R,104K,50V,125C,±10%"; VariantName = "[No Variations]"
Change component parameters: Designator = "C16"; Footprint = "电容_C0603"; UniqueID = "\OHWFGFLQ"
Change component parameters. Clean all parameters for all variants
Change component parameters (AddParameter): Name = "C"; Value = "105"; VariantName = "[No Variations]"
Change component parameters (AddParameter): Name = "U"; Value = "50V"; VariantName = "[No Variations]"
Change component parameters (AddParameter): Name = "参数"; Value = "Cap,0805,X7R,104K,50V,125C,±10%"; VariantName = "[No Variations]"
Change component parameters: Designator = "C17"; Footprint = "电容_C0603"; UniqueID = "\XFIIQNQK"
Change component parameters. Clean all parameters for all variants
Change component parameters (AddParameter): Name = "C"; Value = "105"; VariantName = "[No Variations]"
Change component parameters (AddParameter): Name = "U"; Value = "50V"; VariantName = "[No Variations]"
Change component parameters (AddParameter): Name = "参数"; Value = "Cap,0805,X7R,104K,50V,125C,±10%"; VariantName = "[No Variations]"
Change component parameters: Designator = "C18"; Footprint = "电容_C0603"; UniqueID = "\BNACMKAR"
Change component parameters. Clean all parameters for all variants
Change component parameters (AddParameter): Name = "C"; Value = "104"; VariantName = "[No Variations]"
Change component parameters (AddParameter): Name = "U"; Value = "50V"; VariantName = "[No Variations]"
Change component parameters (AddParameter): Name = "参数"; Value = "Cap,0805,X7R,104K,50V,125C,±10%"; VariantName = "[No Variations]"
Change component parameters: Designator = "C19"; Footprint = "电容_C0603"; UniqueID = "\AGCQUUUL"
Change component parameters. Clean all parameters for all variants
Change component parameters (AddParameter): Name = "C"; Value = "104"; VariantName = "[No Variations]"
Change component parameters (AddParameter): Name = "U"; Value = "50V"; VariantName = "[No Variations]"
Change component parameters (AddParameter): Name = "参数"; Value = "Cap,0805,X7R,104K,50V,125C,±10%"; VariantName = "[No Variations]"
Change component parameters: Designator = "C20"; Footprint = "电容_C0603"; UniqueID = "\OLFOVDBP"
Change component parameters. Clean all parameters for all variants
Change component parameters (AddParameter): Name = "C"; Value = "104"; VariantName = "[No Variations]"
Change component parameters (AddParameter): Name = "U"; Value = "50V"; VariantName = "[No Variations]"
Change component parameters (AddParameter): Name = "参数"; Value = "Cap,0805,X7R,104K,50V,125C,±10%"; VariantName = "[No Variations]"
Change component parameters: Designator = "C21"; Footprint = "电容_C0603"; UniqueID = "\DNWTQQFN"
Change component parameters. Clean all parameters for all variants
Change component parameters (AddParameter): Name = "C"; Value = "104"; VariantName = "[No Variations]"
Change component parameters (AddParameter): Name = "U"; Value = "50V"; VariantName = "[No Variations]"
Change component parameters (AddParameter): Name = "参数"; Value = "Cap,0805,X7R,104K,50V,125C,±10%"; VariantName = "[No Variations]"
Change component parameters: Designator = "C22"; Footprint = "电容_C0603"; UniqueID = "\PARGLEFP"
Change component parameters. Clean all parameters for all variants
Change component parameters (AddParameter): Name = "C"; Value = "104"; VariantName = "[No Variations]"
Change component parameters (AddParameter): Name = "U"; Value = "50V"; VariantName = "[No Variations]"
Change component parameters (AddParameter): Name = "参数"; Value = "Cap,0805,X7R,104K,50V,125C,±10%"; VariantName = "[No Variations]"
Change component parameters: Designator = "C23"; Footprint = "电容_C0603"; UniqueID = "\TFLULPXG"
Change component parameters. Clean all parameters for all variants
Change component parameters (AddParameter): Name = "C"; Value = "104"; VariantName = "[No Variations]"
Change component parameters (AddParameter): Name = "U"; Value = "50V"; VariantName = "[No Variations]"
Change component parameters (AddParameter): Name = "参数"; Value = "Cap,0805,X7R,104K,50V,125C,±10%"; VariantName = "[No Variations]"
Change component parameters: Designator = "C24"; Footprint = "电容_C0603"; UniqueID = "\NWVQKAPU"
Change component parameters. Clean all parameters for all variants
Change component parameters (AddParameter): Name = "C"; Value = "104"; VariantName = "[No Variations]"
Change component parameters (AddParameter): Name = "U"; Value = "50V"; VariantName = "[No Variations]"
Change component parameters (AddParameter): Name = "参数"; Value = "Cap,0805,X7R,104K,50V,125C,±10%"; VariantName = "[No Variations]"
Change component parameters: Designator = "C25"; Footprint = "C0603_L"; UniqueID = "\RCXDKFFI"
Change component parameters. Clean all parameters for all variants
Change component parameters (AddParameter): Name = "C"; Value = "104"; VariantName = "[No Variations]"
Change component parameters (AddParameter): Name = "U"; Value = "50V"; VariantName = "[No Variations]"
Change component parameters (AddParameter): Name = "参数"; Value = "Cap,0805,X7R,104K,50V,125C,±10%"; VariantName = "[No Variations]"
Change component parameters: Designator = "D1"; Footprint = "LED_0603"; UniqueID = "\YLKFNWEY"
Change component parameters. Clean all parameters for all variants
Change component parameters (AddParameter): Name = "参数"; Value = "LED,0603,Red"; VariantName = "[No Variations]"
Change component parameters: Designator = "R1"; Footprint = "电阻_R0603"; UniqueID = "\XVKHQHDT"
Change component parameters. Clean all parameters for all variants
Change component parameters (AddParameter): Name = "P"; Value = "1/8W"; VariantName = "[No Variations]"
Change component parameters (AddParameter): Name = "R"; Value = "2K"; VariantName = "[No Variations]"
Change component parameters (AddParameter): Name = "参数"; Value = "Res,0805,0R,±1%,1/8W,100ppm,155C"; VariantName = "[No Variations]"
Change component parameters: Designator = "R2"; Footprint = "电阻_R0603"; UniqueID = "\NEHVSYSO"
Change component parameters. Clean all parameters for all variants
Change component parameters (AddParameter): Name = "P"; Value = "1/8W"; VariantName = "[No Variations]"
Change component parameters (AddParameter): Name = "R"; Value = "1K"; VariantName = "[No Variations]"
Change component parameters (AddParameter): Name = "参数"; Value = "Res,0805,0R,±1%,1/8W,100ppm,155C"; VariantName = "[No Variations]"
Change component parameters: Designator = "R3"; Footprint = "电阻_R0603"; UniqueID = "\EFWUVOCD"
Change component parameters. Clean all parameters for all variants
Change component parameters (AddParameter): Name = "P"; Value = "1/8W"; VariantName = "[No Variations]"
Change component parameters (AddParameter): Name = "R"; Value = "20K"; VariantName = "[No Variations]"
Change component parameters (AddParameter): Name = "参数"; Value = "Res,0805,0R,±1%,1/8W,100ppm,155C"; VariantName = "[No Variations]"
Change component parameters: Designator = "R4"; Footprint = "电阻_R0603"; UniqueID = "\LVRDXBPC"
Change component parameters. Clean all parameters for all variants
Change component parameters (AddParameter): Name = "P"; Value = "1/8W"; VariantName = "[No Variations]"
Change component parameters (AddParameter): Name = "R"; Value = "20K"; VariantName = "[No Variations]"
Change component parameters (AddParameter): Name = "参数"; Value = "Res,0805,0R,±1%,1/8W,100ppm,155C"; VariantName = "[No Variations]"
Change component parameters: Designator = "R5"; Footprint = "电阻_R0603"; UniqueID = "\KDQHCQDB"
Change component parameters. Clean all parameters for all variants
Change component parameters (AddParameter): Name = "P"; Value = "1/8W"; VariantName = "[No Variations]"
Change component parameters (AddParameter): Name = "R"; Value = "20K"; VariantName = "[No Variations]"
Change component parameters (AddParameter): Name = "参数"; Value = "Res,0805,0R,±1%,1/8W,100ppm,155C"; VariantName = "[No Variations]"
Change component parameters: Designator = "R6"; Footprint = "电阻_R0603"; UniqueID = "\DNTXVUDN"
Change component parameters. Clean all parameters for all variants
Change component parameters (AddParameter): Name = "P"; Value = "1/8W"; VariantName = "[No Variations]"
Change component parameters (AddParameter): Name = "R"; Value = "20K"; VariantName = "[No Variations]"
Change component parameters (AddParameter): Name = "参数"; Value = "Res,0805,0R,±1%,1/8W,100ppm,155C"; VariantName = "[No Variations]"
Change component parameters: Designator = "R7"; Footprint = "电阻_R0603"; UniqueID = "\PXIXMSGJ"
Change component parameters. Clean all parameters for all variants
Change component parameters (AddParameter): Name = "P"; Value = "1/8W"; VariantName = "[No Variations]"
Change component parameters (AddParameter): Name = "R"; Value = "10K"; VariantName = "[No Variations]"
Change component parameters (AddParameter): Name = "参数"; Value = "Res,0805,0R,±1%,1/8W,100ppm,155C"; VariantName = "[No Variations]"
Change component parameters: Designator = "R9"; Footprint = "电阻_R0603"; UniqueID = "\XIRBLBSV"
Change component parameters. Clean all parameters for all variants
Change component parameters (AddParameter): Name = "P"; Value = "1/8W"; VariantName = "[No Variations]"
Change component parameters (AddParameter): Name = "R"; Value = "100R"; VariantName = "[No Variations]"
Change component parameters (AddParameter): Name = "参数"; Value = "Res,0805,0R,±1%,1/8W,100ppm,155C"; VariantName = "[No Variations]"
Change component parameters: Designator = "R10"; Footprint = "电阻_R0603"; UniqueID = "\FEABMVYV"
Change component parameters. Clean all parameters for all variants
Change component parameters (AddParameter): Name = "P"; Value = "1/8W"; VariantName = "[No Variations]"
Change component parameters (AddParameter): Name = "R"; Value = "100R"; VariantName = "[No Variations]"
Change component parameters (AddParameter): Name = "参数"; Value = "Res,0805,0R,±1%,1/8W,100ppm,155C"; VariantName = "[No Variations]"
Change component parameters: Designator = "R15"; Footprint = "电阻_R0603"; UniqueID = "\MUUJETYX"
Change component parameters. Clean all parameters for all variants
Change component parameters (AddParameter): Name = "P"; Value = "1/8W"; VariantName = "[No Variations]"
Change component parameters (AddParameter): Name = "R"; Value = "10K"; VariantName = "[No Variations]"
Change component parameters (AddParameter): Name = "参数"; Value = "Res,0805,0R,±1%,1/8W,100ppm,155C"; VariantName = "[No Variations]"
Change component parameters: Designator = "R16"; Footprint = "电阻_R0603"; UniqueID = "\OOOUBUAI"
Change component parameters. Clean all parameters for all variants
Change component parameters (AddParameter): Name = "P"; Value = "1/8W"; VariantName = "[No Variations]"
Change component parameters (AddParameter): Name = "R"; Value = "10K"; VariantName = "[No Variations]"
Change component parameters (AddParameter): Name = "参数"; Value = "Res,0805,0R,±1%,1/8W,100ppm,155C"; VariantName = "[No Variations]"
Change component parameters: Designator = "BZ1"; Footprint = "蜂鸣器_SMD5020"; UniqueID = "\PYPYDLNS"
Change component parameters. Clean all parameters for all variants
Change component parameters (AddParameter): Name = "_Comma"; Value = ","; VariantName = "[No Variations]"
Change component parameters (AddParameter): Name = "_Footprint"; Value = "12*9.5mm,SOT塑封管"; VariantName = "[No Variations]"
Change component parameters (AddParameter): Name = "_Model"; Value = "12V"; VariantName = "[No Variations]"
Change component parameters (AddParameter): Name = "_Name"; Value = "Buzzer"; VariantName = "[No Variations]"
Change component parameters (AddParameter): Name = "_Specification"; Value = "Buzzer,12V,12*9.5mm,SOT塑封管"; VariantName = "[No Variations]"
Change component parameters: Designator = "3.3"; Footprint = "PAD1-SMD-C"; UniqueID = "\QZTBSXZW"
Change component parameters. Clean all parameters for all variants
Change component parameters (AddParameter): Name = "BOM名称"; Value = "引线焊盘"; VariantName = "[No Variations]"
Change component parameters (AddParameter): Name = "学习资源"; Value = "www.ooocke.com"; VariantName = "[No Variations]"
Change component parameters (AddParameter): Name = "版权归属"; Value = "源创客"; VariantName = "[No Variations]"
Change component parameters: Designator = "GND"; Footprint = "PAD1-SMD-C"; UniqueID = "\YYKVQPKG"
Change component parameters. Clean all parameters for all variants
Change component parameters (AddParameter): Name = "BOM名称"; Value = "引线焊盘"; VariantName = "[No Variations]"
Change component parameters (AddParameter): Name = "学习资源"; Value = "www.ooocke.com"; VariantName = "[No Variations]"
Change component parameters (AddParameter): Name = "版权归属"; Value = "源创客"; VariantName = "[No Variations]"
Change component parameters: Designator = "SCL"; Footprint = "PAD1-SMD-C"; UniqueID = "\BDBHZRGH"
Change component parameters. Clean all parameters for all variants
Change component parameters (AddParameter): Name = "BOM名称"; Value = "引线焊盘"; VariantName = "[No Variations]"
Change component parameters (AddParameter): Name = "学习资源"; Value = "www.ooocke.com"; VariantName = "[No Variations]"
Change component parameters (AddParameter): Name = "版权归属"; Value = "源创客"; VariantName = "[No Variations]"
Change component parameters: Designator = "SDA"; Footprint = "PAD1-SMD-C"; UniqueID = "\NZNWKPCN"
Change component parameters. Clean all parameters for all variants
Change component parameters (AddParameter): Name = "BOM名称"; Value = "引线焊盘"; VariantName = "[No Variations]"
Change component parameters (AddParameter): Name = "学习资源"; Value = "www.ooocke.com"; VariantName = "[No Variations]"
Change component parameters (AddParameter): Name = "版权归属"; Value = "源创客"; VariantName = "[No Variations]"
