Removed Pin From Net: NetName=EC_A Pin=U9-1
Removed Pin From Net: NetName=EC_KEY Pin=U9-2
Removed Pin From Net: NetName=GND Pin=U9-3
Removed Pin From Net: NetName=EC_B Pin=U9-4
Removed Pin From Net: NetName=GND Pin=U9-5
Removed Pin From Net: NetName=GND Pin=U9-5
Removed Pin From Net: NetName=GND Pin=U9-5
Removed Pin From Net: NetName=GND Pin=U9-5
Removed Pin From Net: NetName=GND Pin=U9-5
Removed Pin From Net: NetName=GND Pin=U9-5
Removed Member From Class: ClassName=X-Track_Sheet Member=U9
Added Component: Designator=C25(C0603_L)
Add component. Clean all parameters for all variants
Add component (AddParameter): Name = "C"; Value = "104"; VariantName = "[No Variations]"
Add component (AddParameter): Name = "U"; Value = "50V"; VariantName = "[No Variations]"
Add component (AddParameter): Name = "²ÎÊý"; Value = "Cap,0805,X7R,104K,50V,125C,¡À10%"; VariantName = "[No Variations]"
Added Component: Designator=R17(R0603_L)
Add component. Clean all parameters for all variants
Add component (AddParameter): Name = "_Accuracy"; Value = "1%"; VariantName = "[No Variations]"
Add component (AddParameter): Name = "_Comma"; Value = ","; VariantName = "[No Variations]"
Add component (AddParameter): Name = "_Drift"; Value = "100ppm"; VariantName = "[No Variations]"
Add component (AddParameter): Name = "_Footprint"; Value = "0805"; VariantName = "[No Variations]"
Add component (AddParameter): Name = "_Name"; Value = "Res"; VariantName = "[No Variations]"
Add component (AddParameter): Name = "_Power"; Value = "1/8W"; VariantName = "[No Variations]"
Add component (AddParameter): Name = "_Specification"; Value = "Res,0805,10K,1%,1/8W,100ppm"; VariantName = "[No Variations]"
Add component (AddParameter): Name = "_Value"; Value = "10K"; VariantName = "[No Variations]"
Added Component: Designator=S1(SW DIP-6*6*6)
Add component. Clean all parameters for all variants
Add component (AddParameter): Name = "_Comma"; Value = ","; VariantName = "[No Variations]"
Add component (AddParameter): Name = "_Footprint"; Value = ""; VariantName = "[No Variations]"
Add component (AddParameter): Name = "_Model"; Value = "SKRP"; VariantName = "[No Variations]"
Add component (AddParameter): Name = "_Name"; Value = "KEY"; VariantName = "[No Variations]"
Add component (AddParameter): Name = "_Specification"; Value = "KEY,SKRP,*"; VariantName = "[No Variations]"
Added Component: Designator=S2(SW DIP-6*6*6)
Add component. Clean all parameters for all variants
Add component (AddParameter): Name = "_Comma"; Value = ","; VariantName = "[No Variations]"
Add component (AddParameter): Name = "_Footprint"; Value = ""; VariantName = "[No Variations]"
Add component (AddParameter): Name = "_Model"; Value = "SKRP"; VariantName = "[No Variations]"
Add component (AddParameter): Name = "_Name"; Value = "KEY"; VariantName = "[No Variations]"
Add component (AddParameter): Name = "_Specification"; Value = "KEY,SKRP,*"; VariantName = "[No Variations]"
Added Component: Designator=S3(SW DIP-6*6*6)
Add component. Clean all parameters for all variants
Add component (AddParameter): Name = "_Comma"; Value = ","; VariantName = "[No Variations]"
Add component (AddParameter): Name = "_Footprint"; Value = ""; VariantName = "[No Variations]"
Add component (AddParameter): Name = "_Model"; Value = "SKRP"; VariantName = "[No Variations]"
Add component (AddParameter): Name = "_Name"; Value = "KEY"; VariantName = "[No Variations]"
Add component (AddParameter): Name = "_Specification"; Value = "KEY,SKRP,*"; VariantName = "[No Variations]"
Added Component: Designator=S4(SW DIP-6*6*6)
Add component. Clean all parameters for all variants
Add component (AddParameter): Name = "_Comma"; Value = ","; VariantName = "[No Variations]"
Add component (AddParameter): Name = "_Footprint"; Value = ""; VariantName = "[No Variations]"
Add component (AddParameter): Name = "_Model"; Value = "SKRP"; VariantName = "[No Variations]"
Add component (AddParameter): Name = "_Name"; Value = "KEY"; VariantName = "[No Variations]"
Add component (AddParameter): Name = "_Specification"; Value = "KEY,SKRP,*"; VariantName = "[No Variations]"
Added Pin To Net: NetName=GND Pin=C25-2
Added Pin To Net: NetName=3V3 Pin=R17-2
Added Pin To Net: NetName=EC_A Pin=S1-1
Added Pin To Net: NetName=GND Pin=S1-2
Added Pin To Net: NetName=EC_B Pin=S2-1
Added Pin To Net: NetName=GND Pin=S2-2
Added Pin To Net: NetName=EC_KEY Pin=S3-1
Added Pin To Net: NetName=GND Pin=S3-2
Added Pin To Net: NetName=GND Pin=S4-2
Change Net Name : Old Net Name=EC_KEY_DET New Net Name=EC_C
Added Pin To Net: NetName=EC_D Pin=C25-1
Added Pin To Net: NetName=EC_D Pin=R17-1
Added Pin To Net: NetName=EC_D Pin=S4-1
Added Pin To Net: NetName=EC_D Pin=U3-45
Added Net: Name=EC_D
Added Member To Class: ClassName=X-Track_Sheet Member=Component C25 104
Added Member To Class: ClassName=X-Track_Sheet Member=Component R17 10K
Added Member To Class: ClassName=X-Track_Sheet Member=Component S1 SKRP
Added Member To Class: ClassName=X-Track_Sheet Member=Component S2 SKRP
Added Member To Class: ClassName=X-Track_Sheet Member=Component S3 SKRP
Added Member To Class: ClassName=X-Track_Sheet Member=Component S4 SKRP
